2024-12-16 23:52:07,226 DEBUG    root            Loaded Command Group: ['gcloud', 'components']
2024-12-16 23:52:07,228 DEBUG    root            Loaded Command Group: ['gcloud', 'components', 'update']
2024-12-16 23:52:07,231 DEBUG    root            Running [gcloud.components.update] with arguments: [--quiet: "True", COMPONENT-IDS:8: "['gcloud', 'core', 'bq', 'gsutil', 'compute', 'preview', 'alpha', 'beta']"]
2024-12-16 23:52:07,232 INFO     ___FILE_ONLY___ Beginning update. This process may take several minutes.

2024-12-16 23:52:07,240 DEBUG    urllib3.connectionpool Starting new HTTPS connection (1): dl.google.com:443
2024-12-16 23:52:07,377 DEBUG    urllib3.connectionpool https://dl.google.com:443 "GET /dl/cloudsdk/channels/rapid/components-2.json HTTP/1.1" 200 227817
2024-12-16 23:52:07,394 WARNING  root            Component [compute] no longer exists.
2024-12-16 23:52:07,395 INFO     ___FILE_ONLY___ 

2024-12-16 23:52:07,395 INFO     ___FILE_ONLY___ 
Your current Google Cloud CLI version is: 503.0.0

2024-12-16 23:52:07,396 INFO     ___FILE_ONLY___ Installing components from version: 503.0.0

2024-12-16 23:52:07,396 INFO     ___FILE_ONLY___ 

2024-12-16 23:52:07,396 DEBUG    root            Chosen display Format:table[box,title="These components will be removed."](details.display_name:label=Name:align=left,version.version_string:label=Version:align=right,data.size.size(zero="",min=1048576):label=Size:align=right)
2024-12-16 23:52:07,396 DEBUG    root            Chosen display Format:table[box,title="These components will be updated."](details.display_name:label=Name:align=left,version.version_string:label=Version:align=right,data.size.size(zero="",min=1048576):label=Size:align=right)
2024-12-16 23:52:07,397 DEBUG    root            Chosen display Format:table[box,title="These components will be installed."](details.display_name:label=Name:align=left,version.version_string:label=Version:align=right,data.size.size(zero="",min=1048576):label=Size:align=right)
2024-12-16 23:52:07,413 INFO     ___FILE_ONLY___ ┌────────────────────────────────────────────────┐
2024-12-16 23:52:07,413 INFO     ___FILE_ONLY___ 

2024-12-16 23:52:07,413 INFO     ___FILE_ONLY___ │      These components will be installed.       │
2024-12-16 23:52:07,413 INFO     ___FILE_ONLY___ 

2024-12-16 23:52:07,413 INFO     ___FILE_ONLY___ ├─────────────────────────┬────────────┬─────────┤
2024-12-16 23:52:07,413 INFO     ___FILE_ONLY___ 

2024-12-16 23:52:07,413 INFO     ___FILE_ONLY___ │           Name          │  Version   │   Size  │
2024-12-16 23:52:07,413 INFO     ___FILE_ONLY___ 

2024-12-16 23:52:07,413 INFO     ___FILE_ONLY___ ├─────────────────────────┼────────────┼─────────┤
2024-12-16 23:52:07,413 INFO     ___FILE_ONLY___ 

2024-12-16 23:52:07,413 INFO     ___FILE_ONLY___ │ 
2024-12-16 23:52:07,413 INFO     ___FILE_ONLY___ gcloud Alpha Commands  
2024-12-16 23:52:07,413 INFO     ___FILE_ONLY___  
2024-12-16 23:52:07,413 INFO     ___FILE_ONLY___ │ 
2024-12-16 23:52:07,414 INFO     ___FILE_ONLY___ 2024.12.06
2024-12-16 23:52:07,414 INFO     ___FILE_ONLY___  
2024-12-16 23:52:07,414 INFO     ___FILE_ONLY___ │ 
2024-12-16 23:52:07,414 INFO     ___FILE_ONLY___ < 1 MiB
2024-12-16 23:52:07,414 INFO     ___FILE_ONLY___  
2024-12-16 23:52:07,414 INFO     ___FILE_ONLY___ │
2024-12-16 23:52:07,414 INFO     ___FILE_ONLY___ 

2024-12-16 23:52:07,414 INFO     ___FILE_ONLY___ │ 
2024-12-16 23:52:07,414 INFO     ___FILE_ONLY___ gcloud Beta Commands   
2024-12-16 23:52:07,414 INFO     ___FILE_ONLY___  
2024-12-16 23:52:07,414 INFO     ___FILE_ONLY___ │ 
2024-12-16 23:52:07,414 INFO     ___FILE_ONLY___ 2024.12.06
2024-12-16 23:52:07,414 INFO     ___FILE_ONLY___  
2024-12-16 23:52:07,414 INFO     ___FILE_ONLY___ │ 
2024-12-16 23:52:07,414 INFO     ___FILE_ONLY___ < 1 MiB
2024-12-16 23:52:07,414 INFO     ___FILE_ONLY___  
2024-12-16 23:52:07,414 INFO     ___FILE_ONLY___ │
2024-12-16 23:52:07,415 INFO     ___FILE_ONLY___ 

2024-12-16 23:52:07,415 INFO     ___FILE_ONLY___ │ 
2024-12-16 23:52:07,415 INFO     ___FILE_ONLY___ gcloud Preview Commands
2024-12-16 23:52:07,415 INFO     ___FILE_ONLY___  
2024-12-16 23:52:07,415 INFO     ___FILE_ONLY___ │ 
2024-12-16 23:52:07,415 INFO     ___FILE_ONLY___           
2024-12-16 23:52:07,415 INFO     ___FILE_ONLY___  
2024-12-16 23:52:07,415 INFO     ___FILE_ONLY___ │ 
2024-12-16 23:52:07,415 INFO     ___FILE_ONLY___ < 1 MiB
2024-12-16 23:52:07,415 INFO     ___FILE_ONLY___  
2024-12-16 23:52:07,415 INFO     ___FILE_ONLY___ │
2024-12-16 23:52:07,415 INFO     ___FILE_ONLY___ 

2024-12-16 23:52:07,415 INFO     ___FILE_ONLY___ └─────────────────────────┴────────────┴─────────┘
2024-12-16 23:52:07,415 INFO     ___FILE_ONLY___ 

2024-12-16 23:52:07,415 INFO     ___FILE_ONLY___ 

2024-12-16 23:52:07,419 DEBUG    urllib3.connectionpool Starting new HTTPS connection (1): dl.google.com:443
2024-12-16 23:52:07,551 DEBUG    urllib3.connectionpool https://dl.google.com:443 "GET /dl/cloudsdk/channels/rapid/RELEASE_NOTES HTTP/1.1" 200 1327953
2024-12-16 23:52:07,588 INFO     ___FILE_ONLY___ For the latest full release notes, please visit:
  https://cloud.google.com/sdk/release_notes


2024-12-16 23:52:07,589 INFO     ___FILE_ONLY___ Performing in place update...


2024-12-16 23:52:07,591 INFO     ___FILE_ONLY___ ╔════════════════════════════════════════════════════════════╗

2024-12-16 23:52:07,591 INFO     ___FILE_ONLY___ ╠═ Downloading: gcloud Alpha Commands                       ═╣

2024-12-16 23:52:07,591 INFO     ___FILE_ONLY___ ╚
2024-12-16 23:52:07,594 DEBUG    urllib3.connectionpool Starting new HTTPS connection (1): dl.google.com:443
2024-12-16 23:52:07,694 DEBUG    urllib3.connectionpool https://dl.google.com:443 "GET /dl/cloudsdk/channels/rapid/components/google-cloud-sdk-alpha-20241206142025.tar.gz HTTP/1.1" 200 800
2024-12-16 23:52:07,694 INFO     ___FILE_ONLY___ ════════════════════════════════════════════════════════════
2024-12-16 23:52:07,695 INFO     ___FILE_ONLY___ ╝

2024-12-16 23:52:07,697 INFO     ___FILE_ONLY___ ╔════════════════════════════════════════════════════════════╗

2024-12-16 23:52:07,697 INFO     ___FILE_ONLY___ ╠═ Downloading: gcloud Beta Commands                        ═╣

2024-12-16 23:52:07,697 INFO     ___FILE_ONLY___ ╚
2024-12-16 23:52:07,700 DEBUG    urllib3.connectionpool Starting new HTTPS connection (1): dl.google.com:443
2024-12-16 23:52:07,771 DEBUG    urllib3.connectionpool https://dl.google.com:443 "GET /dl/cloudsdk/channels/rapid/components/google-cloud-sdk-beta-20241206142025.tar.gz HTTP/1.1" 200 797
2024-12-16 23:52:07,772 INFO     ___FILE_ONLY___ ════════════════════════════════════════════════════════════
2024-12-16 23:52:07,772 INFO     ___FILE_ONLY___ ╝

2024-12-16 23:52:07,774 INFO     ___FILE_ONLY___ ╔════════════════════════════════════════════════════════════╗

2024-12-16 23:52:07,775 INFO     ___FILE_ONLY___ ╠═ Downloading: gcloud Preview Commands                     ═╣

2024-12-16 23:52:07,775 INFO     ___FILE_ONLY___ ╚
2024-12-16 23:52:07,778 DEBUG    urllib3.connectionpool Starting new HTTPS connection (1): dl.google.com:443
2024-12-16 23:52:07,938 DEBUG    urllib3.connectionpool https://dl.google.com:443 "GET /dl/cloudsdk/channels/rapid/components/google-cloud-sdk-preview-20241115154308.tar.gz HTTP/1.1" 200 823
2024-12-16 23:52:07,939 INFO     ___FILE_ONLY___ ════════════════════════════════════════════════════════════
2024-12-16 23:52:07,939 INFO     ___FILE_ONLY___ ╝

2024-12-16 23:52:07,941 INFO     ___FILE_ONLY___ ╔════════════════════════════════════════════════════════════╗

2024-12-16 23:52:07,941 INFO     ___FILE_ONLY___ ╠═ Installing: gcloud Alpha Commands                        ═╣

2024-12-16 23:52:07,941 INFO     ___FILE_ONLY___ ╚
2024-12-16 23:52:07,942 INFO     ___FILE_ONLY___ ════════════════════════════════════════════════════════════
2024-12-16 23:52:07,942 INFO     ___FILE_ONLY___ ╝

2024-12-16 23:52:07,954 INFO     ___FILE_ONLY___ ╔════════════════════════════════════════════════════════════╗

2024-12-16 23:52:07,954 INFO     ___FILE_ONLY___ ╠═ Installing: gcloud Beta Commands                         ═╣

2024-12-16 23:52:07,954 INFO     ___FILE_ONLY___ ╚
2024-12-16 23:52:07,955 INFO     ___FILE_ONLY___ ════════════════════════════════════════════════════════════
2024-12-16 23:52:07,955 INFO     ___FILE_ONLY___ ╝

2024-12-16 23:52:07,960 INFO     ___FILE_ONLY___ ╔════════════════════════════════════════════════════════════╗

2024-12-16 23:52:07,960 INFO     ___FILE_ONLY___ ╠═ Installing: gcloud Preview Commands                      ═╣

2024-12-16 23:52:07,960 INFO     ___FILE_ONLY___ ╚
2024-12-16 23:52:07,961 INFO     ___FILE_ONLY___ ════════════════════════════════════════════════════════════
2024-12-16 23:52:07,961 INFO     ___FILE_ONLY___ ╝

2024-12-16 23:52:07,968 DEBUG    root            Updating notification cache...
2024-12-16 23:52:07,968 INFO     ___FILE_ONLY___ 

2024-12-16 23:52:07,970 INFO     ___FILE_ONLY___ Performing post processing steps...
2024-12-16 23:52:07,970 DEBUG    root            Executing command: ['/tools/google-cloud-sdk/bin/gcloud', 'components', 'post-process']
2024-12-16 23:52:17,841 DEBUG    ___FILE_ONLY___ 
2024-12-16 23:52:17,841 DEBUG    ___FILE_ONLY___ 
2024-12-16 23:52:17,994 INFO     ___FILE_ONLY___ 
Update done!


2024-12-16 23:52:17,996 DEBUG    root            Chosen display Format:none
2024-12-16 23:52:17,997 INFO     root            Display format: "none"
