2024-12-16 23:51:48,199 DEBUG    root            Loaded Command Group: ['gcloud', 'components']
2024-12-16 23:51:48,204 DEBUG    root            Loaded Command Group: ['gcloud', 'components', 'update']
2024-12-16 23:51:48,207 DEBUG    root            Running [gcloud.components.update] with arguments: [--compile-python: "True", --quiet: "True", COMPONENT-IDS:6: "['core', 'gcloud-deps', 'bq', 'gcloud', 'gcloud-crc32c', 'gsutil']"]
2024-12-16 23:51:48,208 INFO     ___FILE_ONLY___ Beginning update. This process may take several minutes.

2024-12-16 23:51:48,247 DEBUG    urllib3.connectionpool Starting new HTTPS connection (1): dl.google.com:443
2024-12-16 23:51:48,345 DEBUG    urllib3.connectionpool https://dl.google.com:443 "GET /dl/cloudsdk/channels/rapid/components-2.json HTTP/1.1" 200 227817
2024-12-16 23:51:48,366 INFO     ___FILE_ONLY___ 

2024-12-16 23:51:48,366 INFO     ___FILE_ONLY___ 
Your current Google Cloud CLI version is: 503.0.0

2024-12-16 23:51:48,367 INFO     ___FILE_ONLY___ Installing components from version: 503.0.0

2024-12-16 23:51:48,367 INFO     ___FILE_ONLY___ 

2024-12-16 23:51:48,367 DEBUG    root            Chosen display Format:table[box,title="These components will be removed."](details.display_name:label=Name:align=left,version.version_string:label=Version:align=right,data.size.size(zero="",min=1048576):label=Size:align=right)
2024-12-16 23:51:48,368 DEBUG    root            Chosen display Format:table[box,title="These components will be updated."](details.display_name:label=Name:align=left,version.version_string:label=Version:align=right,data.size.size(zero="",min=1048576):label=Size:align=right)
2024-12-16 23:51:48,369 DEBUG    root            Chosen display Format:table[box,title="These components will be installed."](details.display_name:label=Name:align=left,version.version_string:label=Version:align=right,data.size.size(zero="",min=1048576):label=Size:align=right)
2024-12-16 23:51:48,418 INFO     ___FILE_ONLY___ ┌─────────────────────────────────────────────────────────────────────────────┐
2024-12-16 23:51:48,419 INFO     ___FILE_ONLY___ 

2024-12-16 23:51:48,419 INFO     ___FILE_ONLY___ │                     These components will be installed.                     │
2024-12-16 23:51:48,419 INFO     ___FILE_ONLY___ 

2024-12-16 23:51:48,419 INFO     ___FILE_ONLY___ ├─────────────────────────────────────────────────────┬────────────┬──────────┤
2024-12-16 23:51:48,419 INFO     ___FILE_ONLY___ 

2024-12-16 23:51:48,419 INFO     ___FILE_ONLY___ │                         Name                        │  Version   │   Size   │
2024-12-16 23:51:48,419 INFO     ___FILE_ONLY___ 

2024-12-16 23:51:48,419 INFO     ___FILE_ONLY___ ├─────────────────────────────────────────────────────┼────────────┼──────────┤
2024-12-16 23:51:48,419 INFO     ___FILE_ONLY___ 

2024-12-16 23:51:48,419 INFO     ___FILE_ONLY___ │ 
2024-12-16 23:51:48,419 INFO     ___FILE_ONLY___ BigQuery Command Line Tool                         
2024-12-16 23:51:48,420 INFO     ___FILE_ONLY___  
2024-12-16 23:51:48,420 INFO     ___FILE_ONLY___ │ 
2024-12-16 23:51:48,420 INFO     ___FILE_ONLY___     2.1.10
2024-12-16 23:51:48,420 INFO     ___FILE_ONLY___  
2024-12-16 23:51:48,420 INFO     ___FILE_ONLY___ │ 
2024-12-16 23:51:48,420 INFO     ___FILE_ONLY___  1.7 MiB
2024-12-16 23:51:48,420 INFO     ___FILE_ONLY___  
2024-12-16 23:51:48,420 INFO     ___FILE_ONLY___ │
2024-12-16 23:51:48,420 INFO     ___FILE_ONLY___ 

2024-12-16 23:51:48,420 INFO     ___FILE_ONLY___ │ 
2024-12-16 23:51:48,420 INFO     ___FILE_ONLY___ BigQuery Command Line Tool (Platform Specific)     
2024-12-16 23:51:48,420 INFO     ___FILE_ONLY___  
2024-12-16 23:51:48,420 INFO     ___FILE_ONLY___ │ 
2024-12-16 23:51:48,420 INFO     ___FILE_ONLY___      2.1.8
2024-12-16 23:51:48,420 INFO     ___FILE_ONLY___  
2024-12-16 23:51:48,420 INFO     ___FILE_ONLY___ │ 
2024-12-16 23:51:48,420 INFO     ___FILE_ONLY___  < 1 MiB
2024-12-16 23:51:48,420 INFO     ___FILE_ONLY___  
2024-12-16 23:51:48,421 INFO     ___FILE_ONLY___ │
2024-12-16 23:51:48,421 INFO     ___FILE_ONLY___ 

2024-12-16 23:51:48,421 INFO     ___FILE_ONLY___ │ 
2024-12-16 23:51:48,421 INFO     ___FILE_ONLY___ Bundled Python 3.11 (Platform Specific)            
2024-12-16 23:51:48,421 INFO     ___FILE_ONLY___  
2024-12-16 23:51:48,421 INFO     ___FILE_ONLY___ │ 
2024-12-16 23:51:48,421 INFO     ___FILE_ONLY___     3.11.9
2024-12-16 23:51:48,421 INFO     ___FILE_ONLY___  
2024-12-16 23:51:48,421 INFO     ___FILE_ONLY___ │ 
2024-12-16 23:51:48,421 INFO     ___FILE_ONLY___ 74.4 MiB
2024-12-16 23:51:48,421 INFO     ___FILE_ONLY___  
2024-12-16 23:51:48,421 INFO     ___FILE_ONLY___ │
2024-12-16 23:51:48,421 INFO     ___FILE_ONLY___ 

2024-12-16 23:51:48,421 INFO     ___FILE_ONLY___ │ 
2024-12-16 23:51:48,421 INFO     ___FILE_ONLY___ Cloud Storage Command Line Tool                    
2024-12-16 23:51:48,421 INFO     ___FILE_ONLY___  
2024-12-16 23:51:48,421 INFO     ___FILE_ONLY___ │ 
2024-12-16 23:51:48,421 INFO     ___FILE_ONLY___       5.32
2024-12-16 23:51:48,422 INFO     ___FILE_ONLY___  
2024-12-16 23:51:48,422 INFO     ___FILE_ONLY___ │ 
2024-12-16 23:51:48,422 INFO     ___FILE_ONLY___ 11.8 MiB
2024-12-16 23:51:48,422 INFO     ___FILE_ONLY___  
2024-12-16 23:51:48,422 INFO     ___FILE_ONLY___ │
2024-12-16 23:51:48,422 INFO     ___FILE_ONLY___ 

2024-12-16 23:51:48,422 INFO     ___FILE_ONLY___ │ 
2024-12-16 23:51:48,422 INFO     ___FILE_ONLY___ Cloud Storage Command Line Tool (Platform Specific)
2024-12-16 23:51:48,422 INFO     ___FILE_ONLY___  
2024-12-16 23:51:48,422 INFO     ___FILE_ONLY___ │ 
2024-12-16 23:51:48,422 INFO     ___FILE_ONLY___       5.30
2024-12-16 23:51:48,422 INFO     ___FILE_ONLY___  
2024-12-16 23:51:48,422 INFO     ___FILE_ONLY___ │ 
2024-12-16 23:51:48,422 INFO     ___FILE_ONLY___  < 1 MiB
2024-12-16 23:51:48,422 INFO     ___FILE_ONLY___  
2024-12-16 23:51:48,422 INFO     ___FILE_ONLY___ │
2024-12-16 23:51:48,422 INFO     ___FILE_ONLY___ 

2024-12-16 23:51:48,422 INFO     ___FILE_ONLY___ │ 
2024-12-16 23:51:48,423 INFO     ___FILE_ONLY___ Google Cloud CLI Core Libraries (Platform Specific)
2024-12-16 23:51:48,423 INFO     ___FILE_ONLY___  
2024-12-16 23:51:48,423 INFO     ___FILE_ONLY___ │ 
2024-12-16 23:51:48,423 INFO     ___FILE_ONLY___ 2024.08.30
2024-12-16 23:51:48,423 INFO     ___FILE_ONLY___  
2024-12-16 23:51:48,423 INFO     ___FILE_ONLY___ │ 
2024-12-16 23:51:48,423 INFO     ___FILE_ONLY___  < 1 MiB
2024-12-16 23:51:48,423 INFO     ___FILE_ONLY___  
2024-12-16 23:51:48,423 INFO     ___FILE_ONLY___ │
2024-12-16 23:51:48,423 INFO     ___FILE_ONLY___ 

2024-12-16 23:51:48,423 INFO     ___FILE_ONLY___ │ 
2024-12-16 23:51:48,423 INFO     ___FILE_ONLY___ Google Cloud CRC32C Hash Tool (Platform Specific)  
2024-12-16 23:51:48,423 INFO     ___FILE_ONLY___  
2024-12-16 23:51:48,423 INFO     ___FILE_ONLY___ │ 
2024-12-16 23:51:48,423 INFO     ___FILE_ONLY___      1.0.0
2024-12-16 23:51:48,423 INFO     ___FILE_ONLY___  
2024-12-16 23:51:48,423 INFO     ___FILE_ONLY___ │ 
2024-12-16 23:51:48,424 INFO     ___FILE_ONLY___  1.3 MiB
2024-12-16 23:51:48,424 INFO     ___FILE_ONLY___  
2024-12-16 23:51:48,424 INFO     ___FILE_ONLY___ │
2024-12-16 23:51:48,424 INFO     ___FILE_ONLY___ 

2024-12-16 23:51:48,424 INFO     ___FILE_ONLY___ │ 
2024-12-16 23:51:48,424 INFO     ___FILE_ONLY___ gcloud cli dependencies (Platform Specific)        
2024-12-16 23:51:48,424 INFO     ___FILE_ONLY___  
2024-12-16 23:51:48,424 INFO     ___FILE_ONLY___ │ 
2024-12-16 23:51:48,424 INFO     ___FILE_ONLY___ 2021.04.16
2024-12-16 23:51:48,424 INFO     ___FILE_ONLY___  
2024-12-16 23:51:48,424 INFO     ___FILE_ONLY___ │ 
2024-12-16 23:51:48,424 INFO     ___FILE_ONLY___  < 1 MiB
2024-12-16 23:51:48,424 INFO     ___FILE_ONLY___  
2024-12-16 23:51:48,424 INFO     ___FILE_ONLY___ │
2024-12-16 23:51:48,424 INFO     ___FILE_ONLY___ 

2024-12-16 23:51:48,424 INFO     ___FILE_ONLY___ └─────────────────────────────────────────────────────┴────────────┴──────────┘
2024-12-16 23:51:48,424 INFO     ___FILE_ONLY___ 

2024-12-16 23:51:48,425 INFO     ___FILE_ONLY___ 

2024-12-16 23:51:48,428 DEBUG    urllib3.connectionpool Starting new HTTPS connection (1): dl.google.com:443
2024-12-16 23:51:48,567 DEBUG    urllib3.connectionpool https://dl.google.com:443 "GET /dl/cloudsdk/channels/rapid/RELEASE_NOTES HTTP/1.1" 200 1327953
2024-12-16 23:51:48,603 INFO     ___FILE_ONLY___ For the latest full release notes, please visit:
  https://cloud.google.com/sdk/release_notes


2024-12-16 23:51:48,604 INFO     ___FILE_ONLY___ Performing in place update...


2024-12-16 23:51:48,606 INFO     ___FILE_ONLY___ ╔════════════════════════════════════════════════════════════╗

2024-12-16 23:51:48,606 INFO     ___FILE_ONLY___ ╠═ Downloading: BigQuery Command Line Tool                  ═╣

2024-12-16 23:51:48,606 INFO     ___FILE_ONLY___ ╚
2024-12-16 23:51:48,609 DEBUG    urllib3.connectionpool Starting new HTTPS connection (1): dl.google.com:443
2024-12-16 23:51:48,745 DEBUG    urllib3.connectionpool https://dl.google.com:443 "GET /dl/cloudsdk/channels/rapid/components/google-cloud-sdk-bq-20241206142025.tar.gz HTTP/1.1" 200 1827749
2024-12-16 23:51:48,759 INFO     ___FILE_ONLY___ ═
2024-12-16 23:51:48,760 INFO     ___FILE_ONLY___ ═
2024-12-16 23:51:48,760 INFO     ___FILE_ONLY___ ═
2024-12-16 23:51:48,760 INFO     ___FILE_ONLY___ ═
2024-12-16 23:51:48,760 INFO     ___FILE_ONLY___ ═
2024-12-16 23:51:48,760 INFO     ___FILE_ONLY___ ═
2024-12-16 23:51:48,760 INFO     ___FILE_ONLY___ ═
2024-12-16 23:51:48,760 INFO     ___FILE_ONLY___ ═
2024-12-16 23:51:48,760 INFO     ___FILE_ONLY___ ═
2024-12-16 23:51:48,760 INFO     ___FILE_ONLY___ ═
2024-12-16 23:51:48,760 INFO     ___FILE_ONLY___ ═
2024-12-16 23:51:48,761 INFO     ___FILE_ONLY___ ═
2024-12-16 23:51:48,761 INFO     ___FILE_ONLY___ ═
2024-12-16 23:51:48,761 INFO     ___FILE_ONLY___ ═
2024-12-16 23:51:48,761 INFO     ___FILE_ONLY___ ═
2024-12-16 23:51:48,761 INFO     ___FILE_ONLY___ ═
2024-12-16 23:51:48,761 INFO     ___FILE_ONLY___ ═
2024-12-16 23:51:48,761 INFO     ___FILE_ONLY___ ═
2024-12-16 23:51:48,761 INFO     ___FILE_ONLY___ ═
2024-12-16 23:51:48,761 INFO     ___FILE_ONLY___ ═
2024-12-16 23:51:48,761 INFO     ___FILE_ONLY___ ═
2024-12-16 23:51:48,762 INFO     ___FILE_ONLY___ ═
2024-12-16 23:51:48,762 INFO     ___FILE_ONLY___ ═
2024-12-16 23:51:48,762 INFO     ___FILE_ONLY___ ═
2024-12-16 23:51:48,762 INFO     ___FILE_ONLY___ ═
2024-12-16 23:51:48,762 INFO     ___FILE_ONLY___ ═
2024-12-16 23:51:48,762 INFO     ___FILE_ONLY___ ═
2024-12-16 23:51:48,762 INFO     ___FILE_ONLY___ ═
2024-12-16 23:51:48,762 INFO     ___FILE_ONLY___ ═
2024-12-16 23:51:48,762 INFO     ___FILE_ONLY___ ═
2024-12-16 23:51:48,762 INFO     ___FILE_ONLY___ ═
2024-12-16 23:51:48,763 INFO     ___FILE_ONLY___ ═
2024-12-16 23:51:48,763 INFO     ___FILE_ONLY___ ═
2024-12-16 23:51:48,763 INFO     ___FILE_ONLY___ ═
2024-12-16 23:51:48,763 INFO     ___FILE_ONLY___ ═
2024-12-16 23:51:48,763 INFO     ___FILE_ONLY___ ═
2024-12-16 23:51:48,763 INFO     ___FILE_ONLY___ ═
2024-12-16 23:51:48,763 INFO     ___FILE_ONLY___ ═
2024-12-16 23:51:48,763 INFO     ___FILE_ONLY___ ═
2024-12-16 23:51:48,763 INFO     ___FILE_ONLY___ ═
2024-12-16 23:51:48,763 INFO     ___FILE_ONLY___ ═
2024-12-16 23:51:48,763 INFO     ___FILE_ONLY___ ═
2024-12-16 23:51:48,764 INFO     ___FILE_ONLY___ ═
2024-12-16 23:51:48,764 INFO     ___FILE_ONLY___ ═
2024-12-16 23:51:48,764 INFO     ___FILE_ONLY___ ═
2024-12-16 23:51:48,764 INFO     ___FILE_ONLY___ ═
2024-12-16 23:51:48,764 INFO     ___FILE_ONLY___ ═
2024-12-16 23:51:48,764 INFO     ___FILE_ONLY___ ═
2024-12-16 23:51:48,764 INFO     ___FILE_ONLY___ ═
2024-12-16 23:51:48,764 INFO     ___FILE_ONLY___ ═
2024-12-16 23:51:48,764 INFO     ___FILE_ONLY___ ═
2024-12-16 23:51:48,764 INFO     ___FILE_ONLY___ ═
2024-12-16 23:51:48,765 INFO     ___FILE_ONLY___ ═
2024-12-16 23:51:48,765 INFO     ___FILE_ONLY___ ═
2024-12-16 23:51:48,765 INFO     ___FILE_ONLY___ ═
2024-12-16 23:51:48,765 INFO     ___FILE_ONLY___ ═
2024-12-16 23:51:48,765 INFO     ___FILE_ONLY___ ═
2024-12-16 23:51:48,765 INFO     ___FILE_ONLY___ ═
2024-12-16 23:51:48,765 INFO     ___FILE_ONLY___ ═
2024-12-16 23:51:48,765 INFO     ___FILE_ONLY___ ═
2024-12-16 23:51:48,765 INFO     ___FILE_ONLY___ ╝

2024-12-16 23:51:48,767 INFO     ___FILE_ONLY___ ╔════════════════════════════════════════════════════════════╗

2024-12-16 23:51:48,767 INFO     ___FILE_ONLY___ ╠═ Downloading: BigQuery Command Line Tool (Platform Spe... ═╣

2024-12-16 23:51:48,768 INFO     ___FILE_ONLY___ ╚
2024-12-16 23:51:48,771 DEBUG    urllib3.connectionpool Starting new HTTPS connection (1): dl.google.com:443
2024-12-16 23:51:48,900 DEBUG    urllib3.connectionpool https://dl.google.com:443 "GET /dl/cloudsdk/channels/rapid/components/google-cloud-sdk-bq-nix-20240830134514.tar.gz HTTP/1.1" 200 1914
2024-12-16 23:51:48,900 INFO     ___FILE_ONLY___ ════════════════════════════════════════════════════════════
2024-12-16 23:51:48,901 INFO     ___FILE_ONLY___ ╝

2024-12-16 23:51:48,903 INFO     ___FILE_ONLY___ ╔════════════════════════════════════════════════════════════╗

2024-12-16 23:51:48,903 INFO     ___FILE_ONLY___ ╠═ Downloading: Bundled Python 3.11                         ═╣

2024-12-16 23:51:48,903 INFO     ___FILE_ONLY___ ╚
2024-12-16 23:51:48,903 INFO     ___FILE_ONLY___ ════════════════════════════════════════════════════════════
2024-12-16 23:51:48,903 INFO     ___FILE_ONLY___ ╝

2024-12-16 23:51:48,905 INFO     ___FILE_ONLY___ ╔════════════════════════════════════════════════════════════╗

2024-12-16 23:51:48,905 INFO     ___FILE_ONLY___ ╠═ Downloading: Bundled Python 3.11 (Platform Specific)     ═╣

2024-12-16 23:51:48,905 INFO     ___FILE_ONLY___ ╚
2024-12-16 23:51:48,908 DEBUG    urllib3.connectionpool Starting new HTTPS connection (1): dl.google.com:443
2024-12-16 23:51:49,064 DEBUG    urllib3.connectionpool https://dl.google.com:443 "GET /dl/cloudsdk/channels/rapid/components/google-cloud-sdk-bundled-python3-unix-linux-x86_64-20240920144119.tar.gz HTTP/1.1" 200 78001783
2024-12-16 23:51:49,348 INFO     ___FILE_ONLY___ ═
2024-12-16 23:51:49,350 INFO     ___FILE_ONLY___ ═
2024-12-16 23:51:49,352 INFO     ___FILE_ONLY___ ═
2024-12-16 23:51:49,354 INFO     ___FILE_ONLY___ ═
2024-12-16 23:51:49,356 INFO     ___FILE_ONLY___ ═
2024-12-16 23:51:49,358 INFO     ___FILE_ONLY___ ═
2024-12-16 23:51:49,360 INFO     ___FILE_ONLY___ ═
2024-12-16 23:51:49,361 INFO     ___FILE_ONLY___ ═
2024-12-16 23:51:49,363 INFO     ___FILE_ONLY___ ═
2024-12-16 23:51:49,365 INFO     ___FILE_ONLY___ ═
2024-12-16 23:51:49,367 INFO     ___FILE_ONLY___ ═
2024-12-16 23:51:49,369 INFO     ___FILE_ONLY___ ═
2024-12-16 23:51:49,371 INFO     ___FILE_ONLY___ ═
2024-12-16 23:51:49,372 INFO     ___FILE_ONLY___ ═
2024-12-16 23:51:49,374 INFO     ___FILE_ONLY___ ═
2024-12-16 23:51:49,376 INFO     ___FILE_ONLY___ ═
2024-12-16 23:51:49,378 INFO     ___FILE_ONLY___ ═
2024-12-16 23:51:49,380 INFO     ___FILE_ONLY___ ═
2024-12-16 23:51:49,381 INFO     ___FILE_ONLY___ ═
2024-12-16 23:51:49,383 INFO     ___FILE_ONLY___ ═
2024-12-16 23:51:49,385 INFO     ___FILE_ONLY___ ═
2024-12-16 23:51:49,387 INFO     ___FILE_ONLY___ ═
2024-12-16 23:51:49,388 INFO     ___FILE_ONLY___ ═
2024-12-16 23:51:49,390 INFO     ___FILE_ONLY___ ═
2024-12-16 23:51:49,392 INFO     ___FILE_ONLY___ ═
2024-12-16 23:51:49,394 INFO     ___FILE_ONLY___ ═
2024-12-16 23:51:49,396 INFO     ___FILE_ONLY___ ═
2024-12-16 23:51:49,397 INFO     ___FILE_ONLY___ ═
2024-12-16 23:51:49,399 INFO     ___FILE_ONLY___ ═
2024-12-16 23:51:49,401 INFO     ___FILE_ONLY___ ═
2024-12-16 23:51:49,403 INFO     ___FILE_ONLY___ ═
2024-12-16 23:51:49,405 INFO     ___FILE_ONLY___ ═
2024-12-16 23:51:49,406 INFO     ___FILE_ONLY___ ═
2024-12-16 23:51:49,408 INFO     ___FILE_ONLY___ ═
2024-12-16 23:51:49,410 INFO     ___FILE_ONLY___ ═
2024-12-16 23:51:49,412 INFO     ___FILE_ONLY___ ═
2024-12-16 23:51:49,413 INFO     ___FILE_ONLY___ ═
2024-12-16 23:51:49,415 INFO     ___FILE_ONLY___ ═
2024-12-16 23:51:49,417 INFO     ___FILE_ONLY___ ═
2024-12-16 23:51:49,419 INFO     ___FILE_ONLY___ ═
2024-12-16 23:51:49,421 INFO     ___FILE_ONLY___ ═
2024-12-16 23:51:49,422 INFO     ___FILE_ONLY___ ═
2024-12-16 23:51:49,424 INFO     ___FILE_ONLY___ ═
2024-12-16 23:51:49,426 INFO     ___FILE_ONLY___ ═
2024-12-16 23:51:49,428 INFO     ___FILE_ONLY___ ═
2024-12-16 23:51:49,430 INFO     ___FILE_ONLY___ ═
2024-12-16 23:51:49,432 INFO     ___FILE_ONLY___ ═
2024-12-16 23:51:49,434 INFO     ___FILE_ONLY___ ═
2024-12-16 23:51:49,435 INFO     ___FILE_ONLY___ ═
2024-12-16 23:51:49,437 INFO     ___FILE_ONLY___ ═
2024-12-16 23:51:49,439 INFO     ___FILE_ONLY___ ═
2024-12-16 23:51:49,441 INFO     ___FILE_ONLY___ ═
2024-12-16 23:51:49,443 INFO     ___FILE_ONLY___ ═
2024-12-16 23:51:49,445 INFO     ___FILE_ONLY___ ═
2024-12-16 23:51:49,447 INFO     ___FILE_ONLY___ ═
2024-12-16 23:51:49,449 INFO     ___FILE_ONLY___ ═
2024-12-16 23:51:49,450 INFO     ___FILE_ONLY___ ═
2024-12-16 23:51:49,452 INFO     ___FILE_ONLY___ ═
2024-12-16 23:51:49,454 INFO     ___FILE_ONLY___ ═
2024-12-16 23:51:49,456 INFO     ___FILE_ONLY___ ═
2024-12-16 23:51:49,456 INFO     ___FILE_ONLY___ ╝

2024-12-16 23:51:49,459 INFO     ___FILE_ONLY___ ╔════════════════════════════════════════════════════════════╗

2024-12-16 23:51:49,459 INFO     ___FILE_ONLY___ ╠═ Downloading: Cloud Storage Command Line Tool             ═╣

2024-12-16 23:51:49,459 INFO     ___FILE_ONLY___ ╚
2024-12-16 23:51:49,467 DEBUG    urllib3.connectionpool Starting new HTTPS connection (1): dl.google.com:443
2024-12-16 23:51:49,596 DEBUG    urllib3.connectionpool https://dl.google.com:443 "GET /dl/cloudsdk/channels/rapid/components/google-cloud-sdk-gsutil-20241206142025.tar.gz HTTP/1.1" 200 12368721
2024-12-16 23:51:49,651 INFO     ___FILE_ONLY___ ═
2024-12-16 23:51:49,651 INFO     ___FILE_ONLY___ ═
2024-12-16 23:51:49,651 INFO     ___FILE_ONLY___ ═
2024-12-16 23:51:49,652 INFO     ___FILE_ONLY___ ═
2024-12-16 23:51:49,652 INFO     ___FILE_ONLY___ ═
2024-12-16 23:51:49,652 INFO     ___FILE_ONLY___ ═
2024-12-16 23:51:49,653 INFO     ___FILE_ONLY___ ═
2024-12-16 23:51:49,653 INFO     ___FILE_ONLY___ ═
2024-12-16 23:51:49,653 INFO     ___FILE_ONLY___ ═
2024-12-16 23:51:49,654 INFO     ___FILE_ONLY___ ═
2024-12-16 23:51:49,654 INFO     ___FILE_ONLY___ ═
2024-12-16 23:51:49,654 INFO     ___FILE_ONLY___ ═
2024-12-16 23:51:49,655 INFO     ___FILE_ONLY___ ═
2024-12-16 23:51:49,655 INFO     ___FILE_ONLY___ ═
2024-12-16 23:51:49,655 INFO     ___FILE_ONLY___ ═
2024-12-16 23:51:49,656 INFO     ___FILE_ONLY___ ═
2024-12-16 23:51:49,656 INFO     ___FILE_ONLY___ ═
2024-12-16 23:51:49,656 INFO     ___FILE_ONLY___ ═
2024-12-16 23:51:49,656 INFO     ___FILE_ONLY___ ═
2024-12-16 23:51:49,657 INFO     ___FILE_ONLY___ ═
2024-12-16 23:51:49,657 INFO     ___FILE_ONLY___ ═
2024-12-16 23:51:49,657 INFO     ___FILE_ONLY___ ═
2024-12-16 23:51:49,658 INFO     ___FILE_ONLY___ ═
2024-12-16 23:51:49,658 INFO     ___FILE_ONLY___ ═
2024-12-16 23:51:49,658 INFO     ___FILE_ONLY___ ═
2024-12-16 23:51:49,658 INFO     ___FILE_ONLY___ ═
2024-12-16 23:51:49,659 INFO     ___FILE_ONLY___ ═
2024-12-16 23:51:49,659 INFO     ___FILE_ONLY___ ═
2024-12-16 23:51:49,659 INFO     ___FILE_ONLY___ ═
2024-12-16 23:51:49,660 INFO     ___FILE_ONLY___ ═
2024-12-16 23:51:49,660 INFO     ___FILE_ONLY___ ═
2024-12-16 23:51:49,660 INFO     ___FILE_ONLY___ ═
2024-12-16 23:51:49,660 INFO     ___FILE_ONLY___ ═
2024-12-16 23:51:49,661 INFO     ___FILE_ONLY___ ═
2024-12-16 23:51:49,661 INFO     ___FILE_ONLY___ ═
2024-12-16 23:51:49,661 INFO     ___FILE_ONLY___ ═
2024-12-16 23:51:49,662 INFO     ___FILE_ONLY___ ═
2024-12-16 23:51:49,662 INFO     ___FILE_ONLY___ ═
2024-12-16 23:51:49,662 INFO     ___FILE_ONLY___ ═
2024-12-16 23:51:49,662 INFO     ___FILE_ONLY___ ═
2024-12-16 23:51:49,663 INFO     ___FILE_ONLY___ ═
2024-12-16 23:51:49,663 INFO     ___FILE_ONLY___ ═
2024-12-16 23:51:49,663 INFO     ___FILE_ONLY___ ═
2024-12-16 23:51:49,664 INFO     ___FILE_ONLY___ ═
2024-12-16 23:51:49,664 INFO     ___FILE_ONLY___ ═
2024-12-16 23:51:49,664 INFO     ___FILE_ONLY___ ═
2024-12-16 23:51:49,664 INFO     ___FILE_ONLY___ ═
2024-12-16 23:51:49,665 INFO     ___FILE_ONLY___ ═
2024-12-16 23:51:49,665 INFO     ___FILE_ONLY___ ═
2024-12-16 23:51:49,665 INFO     ___FILE_ONLY___ ═
2024-12-16 23:51:49,666 INFO     ___FILE_ONLY___ ═
2024-12-16 23:51:49,666 INFO     ___FILE_ONLY___ ═
2024-12-16 23:51:49,666 INFO     ___FILE_ONLY___ ═
2024-12-16 23:51:49,667 INFO     ___FILE_ONLY___ ═
2024-12-16 23:51:49,667 INFO     ___FILE_ONLY___ ═
2024-12-16 23:51:49,667 INFO     ___FILE_ONLY___ ═
2024-12-16 23:51:49,667 INFO     ___FILE_ONLY___ ═
2024-12-16 23:51:49,668 INFO     ___FILE_ONLY___ ═
2024-12-16 23:51:49,668 INFO     ___FILE_ONLY___ ═
2024-12-16 23:51:49,668 INFO     ___FILE_ONLY___ ═
2024-12-16 23:51:49,668 INFO     ___FILE_ONLY___ ╝

2024-12-16 23:51:49,671 INFO     ___FILE_ONLY___ ╔════════════════════════════════════════════════════════════╗

2024-12-16 23:51:49,671 INFO     ___FILE_ONLY___ ╠═ Downloading: Cloud Storage Command Line Tool (Platfor... ═╣

2024-12-16 23:51:49,671 INFO     ___FILE_ONLY___ ╚
2024-12-16 23:51:49,674 DEBUG    urllib3.connectionpool Starting new HTTPS connection (1): dl.google.com:443
2024-12-16 23:51:49,804 DEBUG    urllib3.connectionpool https://dl.google.com:443 "GET /dl/cloudsdk/channels/rapid/components/google-cloud-sdk-gsutil-nix-20240830134514.tar.gz HTTP/1.1" 200 1928
2024-12-16 23:51:49,805 INFO     ___FILE_ONLY___ ════════════════════════════════════════════════════════════
2024-12-16 23:51:49,805 INFO     ___FILE_ONLY___ ╝

2024-12-16 23:51:49,807 INFO     ___FILE_ONLY___ ╔════════════════════════════════════════════════════════════╗

2024-12-16 23:51:49,808 INFO     ___FILE_ONLY___ ╠═ Downloading: Default set of gcloud commands              ═╣

2024-12-16 23:51:49,808 INFO     ___FILE_ONLY___ ╚
2024-12-16 23:51:49,808 INFO     ___FILE_ONLY___ ════════════════════════════════════════════════════════════
2024-12-16 23:51:49,808 INFO     ___FILE_ONLY___ ╝

2024-12-16 23:51:49,810 INFO     ___FILE_ONLY___ ╔════════════════════════════════════════════════════════════╗

2024-12-16 23:51:49,810 INFO     ___FILE_ONLY___ ╠═ Downloading: Google Cloud CLI Core Libraries (Platfor... ═╣

2024-12-16 23:51:49,810 INFO     ___FILE_ONLY___ ╚
2024-12-16 23:51:49,813 DEBUG    urllib3.connectionpool Starting new HTTPS connection (1): dl.google.com:443
2024-12-16 23:51:49,944 DEBUG    urllib3.connectionpool https://dl.google.com:443 "GET /dl/cloudsdk/channels/rapid/components/google-cloud-sdk-core-nix-20240830134514.tar.gz HTTP/1.1" 200 2306
2024-12-16 23:51:49,944 INFO     ___FILE_ONLY___ ════════════════════════════════════════════════════════════
2024-12-16 23:51:49,945 INFO     ___FILE_ONLY___ ╝

2024-12-16 23:51:49,947 INFO     ___FILE_ONLY___ ╔════════════════════════════════════════════════════════════╗

2024-12-16 23:51:49,947 INFO     ___FILE_ONLY___ ╠═ Downloading: Google Cloud CRC32C Hash Tool               ═╣

2024-12-16 23:51:49,947 INFO     ___FILE_ONLY___ ╚
2024-12-16 23:51:49,947 INFO     ___FILE_ONLY___ ════════════════════════════════════════════════════════════
2024-12-16 23:51:49,947 INFO     ___FILE_ONLY___ ╝

2024-12-16 23:51:49,949 INFO     ___FILE_ONLY___ ╔════════════════════════════════════════════════════════════╗

2024-12-16 23:51:49,949 INFO     ___FILE_ONLY___ ╠═ Downloading: Google Cloud CRC32C Hash Tool (Platform ... ═╣

2024-12-16 23:51:49,949 INFO     ___FILE_ONLY___ ╚
2024-12-16 23:51:49,952 DEBUG    urllib3.connectionpool Starting new HTTPS connection (1): dl.google.com:443
2024-12-16 23:51:50,084 DEBUG    urllib3.connectionpool https://dl.google.com:443 "GET /dl/cloudsdk/channels/rapid/components/google-cloud-sdk-gcloud-crc32c-linux-x86_64-20240712142834.tar.gz HTTP/1.1" 200 1350263
2024-12-16 23:51:50,095 INFO     ___FILE_ONLY___ ═
2024-12-16 23:51:50,095 INFO     ___FILE_ONLY___ ═
2024-12-16 23:51:50,095 INFO     ___FILE_ONLY___ ═
2024-12-16 23:51:50,095 INFO     ___FILE_ONLY___ ═
2024-12-16 23:51:50,096 INFO     ___FILE_ONLY___ ═
2024-12-16 23:51:50,096 INFO     ___FILE_ONLY___ ═
2024-12-16 23:51:50,096 INFO     ___FILE_ONLY___ ═
2024-12-16 23:51:50,096 INFO     ___FILE_ONLY___ ═
2024-12-16 23:51:50,096 INFO     ___FILE_ONLY___ ═
2024-12-16 23:51:50,096 INFO     ___FILE_ONLY___ ═
2024-12-16 23:51:50,096 INFO     ___FILE_ONLY___ ═
2024-12-16 23:51:50,096 INFO     ___FILE_ONLY___ ═
2024-12-16 23:51:50,096 INFO     ___FILE_ONLY___ ═
2024-12-16 23:51:50,096 INFO     ___FILE_ONLY___ ═
2024-12-16 23:51:50,096 INFO     ___FILE_ONLY___ ═
2024-12-16 23:51:50,097 INFO     ___FILE_ONLY___ ═
2024-12-16 23:51:50,097 INFO     ___FILE_ONLY___ ═
2024-12-16 23:51:50,097 INFO     ___FILE_ONLY___ ═
2024-12-16 23:51:50,097 INFO     ___FILE_ONLY___ ═
2024-12-16 23:51:50,097 INFO     ___FILE_ONLY___ ═
2024-12-16 23:51:50,097 INFO     ___FILE_ONLY___ ═
2024-12-16 23:51:50,097 INFO     ___FILE_ONLY___ ═
2024-12-16 23:51:50,097 INFO     ___FILE_ONLY___ ═
2024-12-16 23:51:50,097 INFO     ___FILE_ONLY___ ═
2024-12-16 23:51:50,097 INFO     ___FILE_ONLY___ ═
2024-12-16 23:51:50,097 INFO     ___FILE_ONLY___ ═
2024-12-16 23:51:50,097 INFO     ___FILE_ONLY___ ═
2024-12-16 23:51:50,098 INFO     ___FILE_ONLY___ ═
2024-12-16 23:51:50,098 INFO     ___FILE_ONLY___ ═
2024-12-16 23:51:50,098 INFO     ___FILE_ONLY___ ═
2024-12-16 23:51:50,098 INFO     ___FILE_ONLY___ ═
2024-12-16 23:51:50,098 INFO     ___FILE_ONLY___ ═
2024-12-16 23:51:50,098 INFO     ___FILE_ONLY___ ═
2024-12-16 23:51:50,098 INFO     ___FILE_ONLY___ ═
2024-12-16 23:51:50,098 INFO     ___FILE_ONLY___ ═
2024-12-16 23:51:50,098 INFO     ___FILE_ONLY___ ═
2024-12-16 23:51:50,098 INFO     ___FILE_ONLY___ ═
2024-12-16 23:51:50,098 INFO     ___FILE_ONLY___ ═
2024-12-16 23:51:50,099 INFO     ___FILE_ONLY___ ═
2024-12-16 23:51:50,099 INFO     ___FILE_ONLY___ ═
2024-12-16 23:51:50,099 INFO     ___FILE_ONLY___ ═
2024-12-16 23:51:50,099 INFO     ___FILE_ONLY___ ═
2024-12-16 23:51:50,099 INFO     ___FILE_ONLY___ ═
2024-12-16 23:51:50,099 INFO     ___FILE_ONLY___ ═
2024-12-16 23:51:50,099 INFO     ___FILE_ONLY___ ═
2024-12-16 23:51:50,099 INFO     ___FILE_ONLY___ ═
2024-12-16 23:51:50,099 INFO     ___FILE_ONLY___ ═
2024-12-16 23:51:50,099 INFO     ___FILE_ONLY___ ═
2024-12-16 23:51:50,099 INFO     ___FILE_ONLY___ ═
2024-12-16 23:51:50,099 INFO     ___FILE_ONLY___ ═
2024-12-16 23:51:50,100 INFO     ___FILE_ONLY___ ═
2024-12-16 23:51:50,100 INFO     ___FILE_ONLY___ ═
2024-12-16 23:51:50,100 INFO     ___FILE_ONLY___ ═
2024-12-16 23:51:50,100 INFO     ___FILE_ONLY___ ═
2024-12-16 23:51:50,100 INFO     ___FILE_ONLY___ ═
2024-12-16 23:51:50,100 INFO     ___FILE_ONLY___ ═
2024-12-16 23:51:50,100 INFO     ___FILE_ONLY___ ═
2024-12-16 23:51:50,100 INFO     ___FILE_ONLY___ ═
2024-12-16 23:51:50,100 INFO     ___FILE_ONLY___ ═
2024-12-16 23:51:50,100 INFO     ___FILE_ONLY___ ═
2024-12-16 23:51:50,100 INFO     ___FILE_ONLY___ ╝

2024-12-16 23:51:50,103 INFO     ___FILE_ONLY___ ╔════════════════════════════════════════════════════════════╗

2024-12-16 23:51:50,103 INFO     ___FILE_ONLY___ ╠═ Downloading: gcloud cli dependencies (Platform Specific) ═╣

2024-12-16 23:51:50,103 INFO     ___FILE_ONLY___ ╚
2024-12-16 23:51:50,106 DEBUG    urllib3.connectionpool Starting new HTTPS connection (1): dl.google.com:443
2024-12-16 23:51:50,239 DEBUG    urllib3.connectionpool https://dl.google.com:443 "GET /dl/cloudsdk/channels/rapid/components/google-cloud-sdk-gcloud-deps-linux-x86_64-20210416153011.tar.gz HTTP/1.1" 200 104
2024-12-16 23:51:50,239 INFO     ___FILE_ONLY___ ════════════════════════════════════════════════════════════
2024-12-16 23:51:50,240 INFO     ___FILE_ONLY___ ╝

2024-12-16 23:51:50,242 INFO     ___FILE_ONLY___ ╔════════════════════════════════════════════════════════════╗

2024-12-16 23:51:50,242 INFO     ___FILE_ONLY___ ╠═ Installing: BigQuery Command Line Tool                   ═╣

2024-12-16 23:51:50,242 INFO     ___FILE_ONLY___ ╚
2024-12-16 23:51:50,345 INFO     ___FILE_ONLY___ ═
2024-12-16 23:51:50,348 INFO     ___FILE_ONLY___ ═
2024-12-16 23:51:50,350 INFO     ___FILE_ONLY___ ═
2024-12-16 23:51:50,352 INFO     ___FILE_ONLY___ ═
2024-12-16 23:51:50,355 INFO     ___FILE_ONLY___ ═
2024-12-16 23:51:50,358 INFO     ___FILE_ONLY___ ═
2024-12-16 23:51:50,360 INFO     ___FILE_ONLY___ ═
2024-12-16 23:51:50,362 INFO     ___FILE_ONLY___ ═
2024-12-16 23:51:50,365 INFO     ___FILE_ONLY___ ═
2024-12-16 23:51:50,367 INFO     ___FILE_ONLY___ ═
2024-12-16 23:51:50,369 INFO     ___FILE_ONLY___ ═
2024-12-16 23:51:50,371 INFO     ___FILE_ONLY___ ═
2024-12-16 23:51:50,373 INFO     ___FILE_ONLY___ ═
2024-12-16 23:51:50,376 INFO     ___FILE_ONLY___ ═
2024-12-16 23:51:50,378 INFO     ___FILE_ONLY___ ═
2024-12-16 23:51:50,380 INFO     ___FILE_ONLY___ ═
2024-12-16 23:51:50,382 INFO     ___FILE_ONLY___ ═
2024-12-16 23:51:50,386 INFO     ___FILE_ONLY___ ═
2024-12-16 23:51:50,388 INFO     ___FILE_ONLY___ ═
2024-12-16 23:51:50,390 INFO     ___FILE_ONLY___ ═
2024-12-16 23:51:50,393 INFO     ___FILE_ONLY___ ═
2024-12-16 23:51:50,395 INFO     ___FILE_ONLY___ ═
2024-12-16 23:51:50,397 INFO     ___FILE_ONLY___ ═
2024-12-16 23:51:50,398 INFO     ___FILE_ONLY___ ═
2024-12-16 23:51:50,401 INFO     ___FILE_ONLY___ ═
2024-12-16 23:51:50,403 INFO     ___FILE_ONLY___ ═
2024-12-16 23:51:50,405 INFO     ___FILE_ONLY___ ═
2024-12-16 23:51:50,408 INFO     ___FILE_ONLY___ ═
2024-12-16 23:51:50,411 INFO     ___FILE_ONLY___ ═
2024-12-16 23:51:50,413 INFO     ___FILE_ONLY___ ═
2024-12-16 23:51:50,416 INFO     ___FILE_ONLY___ ═
2024-12-16 23:51:50,418 INFO     ___FILE_ONLY___ ═
2024-12-16 23:51:50,421 INFO     ___FILE_ONLY___ ═
2024-12-16 23:51:50,425 INFO     ___FILE_ONLY___ ═
2024-12-16 23:51:50,433 INFO     ___FILE_ONLY___ ═
2024-12-16 23:51:50,434 INFO     ___FILE_ONLY___ ═
2024-12-16 23:51:50,437 INFO     ___FILE_ONLY___ ═
2024-12-16 23:51:50,442 INFO     ___FILE_ONLY___ ═
2024-12-16 23:51:50,444 INFO     ___FILE_ONLY___ ═
2024-12-16 23:51:50,447 INFO     ___FILE_ONLY___ ═
2024-12-16 23:51:50,449 INFO     ___FILE_ONLY___ ═
2024-12-16 23:51:50,451 INFO     ___FILE_ONLY___ ═
2024-12-16 23:51:50,456 INFO     ___FILE_ONLY___ ═
2024-12-16 23:51:50,458 INFO     ___FILE_ONLY___ ═
2024-12-16 23:51:50,460 INFO     ___FILE_ONLY___ ═
2024-12-16 23:51:50,462 INFO     ___FILE_ONLY___ ═
2024-12-16 23:51:50,464 INFO     ___FILE_ONLY___ ═
2024-12-16 23:51:50,467 INFO     ___FILE_ONLY___ ═
2024-12-16 23:51:50,469 INFO     ___FILE_ONLY___ ═
2024-12-16 23:51:50,471 INFO     ___FILE_ONLY___ ═
2024-12-16 23:51:50,473 INFO     ___FILE_ONLY___ ═
2024-12-16 23:51:50,475 INFO     ___FILE_ONLY___ ═
2024-12-16 23:51:50,477 INFO     ___FILE_ONLY___ ═
2024-12-16 23:51:50,480 INFO     ___FILE_ONLY___ ═
2024-12-16 23:51:50,482 INFO     ___FILE_ONLY___ ═
2024-12-16 23:51:50,484 INFO     ___FILE_ONLY___ ═
2024-12-16 23:51:50,486 INFO     ___FILE_ONLY___ ═
2024-12-16 23:51:50,488 INFO     ___FILE_ONLY___ ═
2024-12-16 23:51:50,490 INFO     ___FILE_ONLY___ ═
2024-12-16 23:51:50,493 INFO     ___FILE_ONLY___ ═
2024-12-16 23:51:50,493 INFO     ___FILE_ONLY___ ╝

2024-12-16 23:51:50,506 INFO     ___FILE_ONLY___ ╔════════════════════════════════════════════════════════════╗

2024-12-16 23:51:50,506 INFO     ___FILE_ONLY___ ╠═ Installing: BigQuery Command Line Tool (Platform Spec... ═╣

2024-12-16 23:51:50,506 INFO     ___FILE_ONLY___ ╚
2024-12-16 23:51:50,507 INFO     ___FILE_ONLY___ ════════════════════════════════════════════════════════════
2024-12-16 23:51:50,508 INFO     ___FILE_ONLY___ ╝

2024-12-16 23:51:50,513 INFO     ___FILE_ONLY___ ╔════════════════════════════════════════════════════════════╗

2024-12-16 23:51:50,513 INFO     ___FILE_ONLY___ ╠═ Installing: Bundled Python 3.11                          ═╣

2024-12-16 23:51:50,513 INFO     ___FILE_ONLY___ ╚
2024-12-16 23:51:50,517 INFO     ___FILE_ONLY___ ════════════════════════════════════════════════════════════
2024-12-16 23:51:50,517 INFO     ___FILE_ONLY___ ╝

2024-12-16 23:51:50,519 INFO     ___FILE_ONLY___ ╔════════════════════════════════════════════════════════════╗

2024-12-16 23:51:50,519 INFO     ___FILE_ONLY___ ╠═ Installing: Bundled Python 3.11 (Platform Specific)      ═╣

2024-12-16 23:51:50,519 INFO     ___FILE_ONLY___ ╚
2024-12-16 23:51:52,488 INFO     ___FILE_ONLY___ ═
2024-12-16 23:51:52,503 INFO     ___FILE_ONLY___ ═
2024-12-16 23:51:52,517 INFO     ___FILE_ONLY___ ═
2024-12-16 23:51:52,529 INFO     ___FILE_ONLY___ ═
2024-12-16 23:51:52,541 INFO     ___FILE_ONLY___ ═
2024-12-16 23:51:52,553 INFO     ___FILE_ONLY___ ═
2024-12-16 23:51:52,565 INFO     ___FILE_ONLY___ ═
2024-12-16 23:51:52,578 INFO     ___FILE_ONLY___ ═
2024-12-16 23:51:52,590 INFO     ___FILE_ONLY___ ═
2024-12-16 23:51:52,602 INFO     ___FILE_ONLY___ ═
2024-12-16 23:51:52,613 INFO     ___FILE_ONLY___ ═
2024-12-16 23:51:52,625 INFO     ___FILE_ONLY___ ═
2024-12-16 23:51:52,637 INFO     ___FILE_ONLY___ ═
2024-12-16 23:51:52,649 INFO     ___FILE_ONLY___ ═
2024-12-16 23:51:52,662 INFO     ___FILE_ONLY___ ═
2024-12-16 23:51:52,674 INFO     ___FILE_ONLY___ ═
2024-12-16 23:51:52,686 INFO     ___FILE_ONLY___ ═
2024-12-16 23:51:52,698 INFO     ___FILE_ONLY___ ═
2024-12-16 23:51:52,710 INFO     ___FILE_ONLY___ ═
2024-12-16 23:51:52,722 INFO     ___FILE_ONLY___ ═
2024-12-16 23:51:52,733 INFO     ___FILE_ONLY___ ═
2024-12-16 23:51:52,745 INFO     ___FILE_ONLY___ ═
2024-12-16 23:51:52,757 INFO     ___FILE_ONLY___ ═
2024-12-16 23:51:52,769 INFO     ___FILE_ONLY___ ═
2024-12-16 23:51:52,781 INFO     ___FILE_ONLY___ ═
2024-12-16 23:51:52,793 INFO     ___FILE_ONLY___ ═
2024-12-16 23:51:52,805 INFO     ___FILE_ONLY___ ═
2024-12-16 23:51:52,817 INFO     ___FILE_ONLY___ ═
2024-12-16 23:51:52,829 INFO     ___FILE_ONLY___ ═
2024-12-16 23:51:52,841 INFO     ___FILE_ONLY___ ═
2024-12-16 23:51:52,853 INFO     ___FILE_ONLY___ ═
2024-12-16 23:51:52,865 INFO     ___FILE_ONLY___ ═
2024-12-16 23:51:52,877 INFO     ___FILE_ONLY___ ═
2024-12-16 23:51:52,889 INFO     ___FILE_ONLY___ ═
2024-12-16 23:51:52,901 INFO     ___FILE_ONLY___ ═
2024-12-16 23:51:52,913 INFO     ___FILE_ONLY___ ═
2024-12-16 23:51:53,643 INFO     ___FILE_ONLY___ ═
2024-12-16 23:51:53,668 INFO     ___FILE_ONLY___ ═
2024-12-16 23:51:53,691 INFO     ___FILE_ONLY___ ═
2024-12-16 23:51:53,711 INFO     ___FILE_ONLY___ ═
2024-12-16 23:51:53,732 INFO     ___FILE_ONLY___ ═
2024-12-16 23:51:53,866 INFO     ___FILE_ONLY___ ═
2024-12-16 23:51:53,894 INFO     ___FILE_ONLY___ ═
2024-12-16 23:51:53,913 INFO     ___FILE_ONLY___ ═
2024-12-16 23:51:53,930 INFO     ___FILE_ONLY___ ═
2024-12-16 23:51:53,948 INFO     ___FILE_ONLY___ ═
2024-12-16 23:51:53,977 INFO     ___FILE_ONLY___ ═
2024-12-16 23:51:53,999 INFO     ___FILE_ONLY___ ═
2024-12-16 23:51:54,017 INFO     ___FILE_ONLY___ ═
2024-12-16 23:51:54,031 INFO     ___FILE_ONLY___ ═
2024-12-16 23:51:54,123 INFO     ___FILE_ONLY___ ═
2024-12-16 23:51:54,142 INFO     ___FILE_ONLY___ ═
2024-12-16 23:51:54,161 INFO     ___FILE_ONLY___ ═
2024-12-16 23:51:54,180 INFO     ___FILE_ONLY___ ═
2024-12-16 23:51:54,223 INFO     ___FILE_ONLY___ ═
2024-12-16 23:51:54,585 INFO     ___FILE_ONLY___ ═
2024-12-16 23:51:54,603 INFO     ___FILE_ONLY___ ═
2024-12-16 23:51:54,624 INFO     ___FILE_ONLY___ ═
2024-12-16 23:51:54,642 INFO     ___FILE_ONLY___ ═
2024-12-16 23:51:55,002 INFO     ___FILE_ONLY___ ═
2024-12-16 23:51:55,002 INFO     ___FILE_ONLY___ ╝

2024-12-16 23:51:55,070 INFO     ___FILE_ONLY___ ╔════════════════════════════════════════════════════════════╗

2024-12-16 23:51:55,070 INFO     ___FILE_ONLY___ ╠═ Installing: Cloud Storage Command Line Tool              ═╣

2024-12-16 23:51:55,070 INFO     ___FILE_ONLY___ ╚
2024-12-16 23:51:55,637 INFO     ___FILE_ONLY___ ═
2024-12-16 23:51:55,654 INFO     ___FILE_ONLY___ ═
2024-12-16 23:51:55,676 INFO     ___FILE_ONLY___ ═
2024-12-16 23:51:55,692 INFO     ___FILE_ONLY___ ═
2024-12-16 23:51:55,708 INFO     ___FILE_ONLY___ ═
2024-12-16 23:51:55,720 INFO     ___FILE_ONLY___ ═
2024-12-16 23:51:55,735 INFO     ___FILE_ONLY___ ═
2024-12-16 23:51:55,747 INFO     ___FILE_ONLY___ ═
2024-12-16 23:51:55,762 INFO     ___FILE_ONLY___ ═
2024-12-16 23:51:55,775 INFO     ___FILE_ONLY___ ═
2024-12-16 23:51:55,788 INFO     ___FILE_ONLY___ ═
2024-12-16 23:51:55,800 INFO     ___FILE_ONLY___ ═
2024-12-16 23:51:55,809 INFO     ___FILE_ONLY___ ═
2024-12-16 23:51:55,819 INFO     ___FILE_ONLY___ ═
2024-12-16 23:51:55,829 INFO     ___FILE_ONLY___ ═
2024-12-16 23:51:55,839 INFO     ___FILE_ONLY___ ═
2024-12-16 23:51:55,850 INFO     ___FILE_ONLY___ ═
2024-12-16 23:51:55,861 INFO     ___FILE_ONLY___ ═
2024-12-16 23:51:55,872 INFO     ___FILE_ONLY___ ═
2024-12-16 23:51:55,883 INFO     ___FILE_ONLY___ ═
2024-12-16 23:51:55,895 INFO     ___FILE_ONLY___ ═
2024-12-16 23:51:55,910 INFO     ___FILE_ONLY___ ═
2024-12-16 23:51:55,925 INFO     ___FILE_ONLY___ ═
2024-12-16 23:51:55,935 INFO     ___FILE_ONLY___ ═
2024-12-16 23:51:55,947 INFO     ___FILE_ONLY___ ═
2024-12-16 23:51:55,964 INFO     ___FILE_ONLY___ ═
2024-12-16 23:51:55,983 INFO     ___FILE_ONLY___ ═
2024-12-16 23:51:56,003 INFO     ___FILE_ONLY___ ═
2024-12-16 23:51:56,020 INFO     ___FILE_ONLY___ ═
2024-12-16 23:51:56,041 INFO     ___FILE_ONLY___ ═
2024-12-16 23:51:56,051 INFO     ___FILE_ONLY___ ═
2024-12-16 23:51:56,064 INFO     ___FILE_ONLY___ ═
2024-12-16 23:51:56,082 INFO     ___FILE_ONLY___ ═
2024-12-16 23:51:56,095 INFO     ___FILE_ONLY___ ═
2024-12-16 23:51:56,105 INFO     ___FILE_ONLY___ ═
2024-12-16 23:51:56,115 INFO     ___FILE_ONLY___ ═
2024-12-16 23:51:56,126 INFO     ___FILE_ONLY___ ═
2024-12-16 23:51:56,136 INFO     ___FILE_ONLY___ ═
2024-12-16 23:51:56,147 INFO     ___FILE_ONLY___ ═
2024-12-16 23:51:56,159 INFO     ___FILE_ONLY___ ═
2024-12-16 23:51:56,168 INFO     ___FILE_ONLY___ ═
2024-12-16 23:51:56,181 INFO     ___FILE_ONLY___ ═
2024-12-16 23:51:56,191 INFO     ___FILE_ONLY___ ═
2024-12-16 23:51:56,204 INFO     ___FILE_ONLY___ ═
2024-12-16 23:51:56,225 INFO     ___FILE_ONLY___ ═
2024-12-16 23:51:56,237 INFO     ___FILE_ONLY___ ═
2024-12-16 23:51:56,246 INFO     ___FILE_ONLY___ ═
2024-12-16 23:51:56,257 INFO     ___FILE_ONLY___ ═
2024-12-16 23:51:56,267 INFO     ___FILE_ONLY___ ═
2024-12-16 23:51:56,280 INFO     ___FILE_ONLY___ ═
2024-12-16 23:51:56,297 INFO     ___FILE_ONLY___ ═
2024-12-16 23:51:56,309 INFO     ___FILE_ONLY___ ═
2024-12-16 23:51:56,326 INFO     ___FILE_ONLY___ ═
2024-12-16 23:51:56,340 INFO     ___FILE_ONLY___ ═
2024-12-16 23:51:56,376 INFO     ___FILE_ONLY___ ═
2024-12-16 23:51:56,386 INFO     ___FILE_ONLY___ ═
2024-12-16 23:51:56,396 INFO     ___FILE_ONLY___ ═
2024-12-16 23:51:56,407 INFO     ___FILE_ONLY___ ═
2024-12-16 23:51:56,418 INFO     ___FILE_ONLY___ ═
2024-12-16 23:51:56,433 INFO     ___FILE_ONLY___ ═
2024-12-16 23:51:56,433 INFO     ___FILE_ONLY___ ╝

2024-12-16 23:51:56,478 INFO     ___FILE_ONLY___ ╔════════════════════════════════════════════════════════════╗

2024-12-16 23:51:56,478 INFO     ___FILE_ONLY___ ╠═ Installing: Cloud Storage Command Line Tool (Platform... ═╣

2024-12-16 23:51:56,478 INFO     ___FILE_ONLY___ ╚
2024-12-16 23:51:56,479 INFO     ___FILE_ONLY___ ════════════════════════════════════════════════════════════
2024-12-16 23:51:56,479 INFO     ___FILE_ONLY___ ╝

2024-12-16 23:51:56,485 INFO     ___FILE_ONLY___ ╔════════════════════════════════════════════════════════════╗

2024-12-16 23:51:56,485 INFO     ___FILE_ONLY___ ╠═ Installing: Default set of gcloud commands               ═╣

2024-12-16 23:51:56,485 INFO     ___FILE_ONLY___ ╚
2024-12-16 23:51:56,488 INFO     ___FILE_ONLY___ ════════════════════════════════════════════════════════════
2024-12-16 23:51:56,489 INFO     ___FILE_ONLY___ ╝

2024-12-16 23:51:56,490 INFO     ___FILE_ONLY___ ╔════════════════════════════════════════════════════════════╗

2024-12-16 23:51:56,490 INFO     ___FILE_ONLY___ ╠═ Installing: Google Cloud CLI Core Libraries (Platform... ═╣

2024-12-16 23:51:56,491 INFO     ___FILE_ONLY___ ╚
2024-12-16 23:51:56,491 INFO     ___FILE_ONLY___ ══════════════════════════════
2024-12-16 23:51:56,492 INFO     ___FILE_ONLY___ ══════════════════════════════
2024-12-16 23:51:56,492 INFO     ___FILE_ONLY___ ╝

2024-12-16 23:51:56,497 INFO     ___FILE_ONLY___ ╔════════════════════════════════════════════════════════════╗

2024-12-16 23:51:56,497 INFO     ___FILE_ONLY___ ╠═ Installing: Google Cloud CRC32C Hash Tool                ═╣

2024-12-16 23:51:56,497 INFO     ___FILE_ONLY___ ╚
2024-12-16 23:51:56,501 INFO     ___FILE_ONLY___ ════════════════════════════════════════════════════════════
2024-12-16 23:51:56,501 INFO     ___FILE_ONLY___ ╝

2024-12-16 23:51:56,503 INFO     ___FILE_ONLY___ ╔════════════════════════════════════════════════════════════╗

2024-12-16 23:51:56,503 INFO     ___FILE_ONLY___ ╠═ Installing: Google Cloud CRC32C Hash Tool (Platform S... ═╣

2024-12-16 23:51:56,503 INFO     ___FILE_ONLY___ ╚
2024-12-16 23:51:56,538 INFO     ___FILE_ONLY___ ══════════════════════════════
2024-12-16 23:51:56,539 INFO     ___FILE_ONLY___ ══════════════════════════════
2024-12-16 23:51:56,539 INFO     ___FILE_ONLY___ ╝

2024-12-16 23:51:56,545 INFO     ___FILE_ONLY___ ╔════════════════════════════════════════════════════════════╗

2024-12-16 23:51:56,545 INFO     ___FILE_ONLY___ ╠═ Installing: gcloud cli dependencies (Platform Specific)  ═╣

2024-12-16 23:51:56,545 INFO     ___FILE_ONLY___ ╚
2024-12-16 23:51:56,545 INFO     ___FILE_ONLY___ ════════════════════════════════════════════════════════════
2024-12-16 23:51:56,545 INFO     ___FILE_ONLY___ ╝

2024-12-16 23:51:56,552 DEBUG    root            Updating notification cache...
2024-12-16 23:51:56,553 INFO     ___FILE_ONLY___ 

2024-12-16 23:51:56,555 INFO     ___FILE_ONLY___ Performing post processing steps...
2024-12-16 23:51:56,555 DEBUG    root            Executing command: ['/tools/google-cloud-sdk/bin/gcloud', 'components', 'post-process']
2024-12-16 23:52:06,476 DEBUG    ___FILE_ONLY___ 
2024-12-16 23:52:06,477 DEBUG    ___FILE_ONLY___ 
2024-12-16 23:52:06,641 INFO     ___FILE_ONLY___ 
Update done!


2024-12-16 23:52:06,645 DEBUG    root            Chosen display Format:none
2024-12-16 23:52:06,646 INFO     root            Display format: "none"
